==================================================
 SysInspector Session Log
 Start Time:   6/21/2026, 9:59:52 PM
 Sandbox Root: /home/hariomm/Projects/hackthon/inspector
==================================================

[2026-06-21 16:29:53] [PREVIEW ] CPU Info — Hovered option in main menu
[2026-06-21 16:29:53] [PREVIEW ] Memory Info — Hovered option in main menu
[2026-06-21 16:29:54] [PREVIEW ] Disk Info — Hovered option in main menu
[2026-06-21 16:29:54] [PREVIEW ] Memory Info — Hovered option in main menu
[2026-06-21 16:29:55] [PREVIEW ] Disk Info — Hovered option in main menu
[2026-06-21 16:29:55] [PREVIEW ] Battery Info — Hovered option in main menu
[2026-06-21 16:29:56] [PREVIEW ] Disk Info — Hovered option in main menu
[2026-06-21 16:29:56] [PREVIEW ] Memory Info — Hovered option in main menu
[2026-06-21 16:29:56] [PREVIEW ] CPU Info — Hovered option in main menu
[2026-06-21 16:29:57] [PREVIEW ] OS Info — Hovered option in main menu
[2026-06-21 16:29:57] [PREVIEW ] CPU Info — Hovered option in main menu
[2026-06-21 16:29:58] [PREVIEW ] Memory Info — Hovered option in main menu
[2026-06-21 16:29:59] [PREVIEW ] CPU Info — Hovered option in main menu
[2026-06-21 16:29:59] [PREVIEW ] OS Info — Hovered option in main menu
[2026-06-21 16:30:00] [PREVIEW ] CPU Info — Hovered option in main menu
[2026-06-21 16:30:01] [PREVIEW ] Memory Info — Hovered option in main menu
[2026-06-21 16:30:02] [PREVIEW ] Disk Info — Hovered option in main menu
[2026-06-21 16:30:02] [PREVIEW ] Battery Info — Hovered option in main menu
[2026-06-21 16:30:03] [PREVIEW ] Network — Hovered option in main menu
[2026-06-21 16:30:04] [EXPLORE ] Network — Entered detailed view
[2026-06-21 16:30:06] [NAVIGATE] Main Menu — Returned to main menu
[2026-06-21 16:30:22] [PREVIEW ] List files in sandbox directory — Hovered option in main menu
[2026-06-21 16:30:22] [LIST    ] . — Listed 14 entries
[2026-06-21 16:30:22] [LIST    ] . — Listed 14 entries
[2026-06-21 16:30:22] [PREVIEW ] Show session changelog — Hovered option in main menu
[2026-06-21 16:30:22] [PREVIEW ] Open File Manager — Hovered option in main menu
[2026-06-21 16:30:23] [PREVIEW ] Show session changelog — Hovered option in main menu
[2026-06-21 16:30:23] [PREVIEW ] Open File Manager — Hovered option in main menu
[2026-06-21 16:30:24] [PREVIEW ] Exit — Hovered option in main menu
[2026-06-21 16:30:24] [PREVIEW ] OS Info — Hovered option in main menu
[2026-06-21 16:31:14] [EXIT    ] Inspector — Force exited application session (Ctrl+C)
