==================================================
 SysInspector Session Log
 Start Time:   6/21/2026, 10:05:39 PM
 Sandbox Root: /home/hariomm/Projects/hackthon/inspector
==================================================

[2026-06-21 16:35:40] [PREVIEW ] Exit — Hovered option in main menu
[2026-06-21 16:35:40] [PREVIEW ] Open File Manager — Hovered option in main menu
[2026-06-21 16:35:40] [PREVIEW ] Show session changelog — Hovered option in main menu
[2026-06-21 16:35:40] [PREVIEW ] List files in sandbox directory — Hovered option in main menu
[2026-06-21 16:35:40] [LIST    ] . — Listed 14 entries
[2026-06-21 16:35:41] [LIST    ] . — Listed 14 entries
[2026-06-21 16:35:41] [PREVIEW ] Network — Hovered option in main menu
[2026-06-21 16:35:41] [PREVIEW ] Battery Info — Hovered option in main menu
[2026-06-21 16:35:42] [PREVIEW ] Disk Info — Hovered option in main menu
[2026-06-21 16:35:42] [PREVIEW ] Memory Info — Hovered option in main menu
[2026-06-21 16:35:42] [PREVIEW ] CPU Info — Hovered option in main menu
[2026-06-21 16:35:43] [PREVIEW ] OS Info — Hovered option in main menu
[2026-06-21 16:35:44] [PREVIEW ] Exit — Hovered option in main menu
[2026-06-21 16:35:44] [PREVIEW ] Open File Manager — Hovered option in main menu
[2026-06-21 16:35:44] [PREVIEW ] Show session changelog — Hovered option in main menu
[2026-06-21 16:35:45] [PREVIEW ] List files in sandbox directory — Hovered option in main menu
[2026-06-21 16:35:45] [LIST    ] . — Listed 14 entries
[2026-06-21 16:35:45] [LIST    ] . — Listed 14 entries
[2026-06-21 16:35:45] [PREVIEW ] Network — Hovered option in main menu
[2026-06-21 16:35:45] [PREVIEW ] Battery Info — Hovered option in main menu
[2026-06-21 16:35:48] [PREVIEW ] Disk Info — Hovered option in main menu
[2026-06-21 16:36:35] [EXIT    ] Inspector — Force exited application session (Ctrl+C)
